Using pre-set license
Built from '2021.3/staging' branch; Version is '2021.3.18f1 (3129e69bc0c7) revision 3221990'; Using compiler version '192829333'; Build Type 'Release'
OS: 'Windows 10  (10.0.19044) 64bit Enterprise' Language: 'en' Physical Memory: 48925 MB
BatchMode: 1, IsHumanControllingUs: 0, StartBugReporterOnCrash: 0, Is64bit: 1, IsPro: 1

COMMAND LINE ARGUMENTS:
Z:\unity install\2021.3.18f1\Editor\Unity.exe
-adb2
-batchMode
-noUpm
-name
AssetImportWorker22
-projectPath
Z:/unity/#my avatars/senior design git/SeniorDesignRhythmGame/Main
-logFile
Logs/AssetImportWorker22.log
-srvPort
62055
Successfully changed project path to: Z:/unity/#my avatars/senior design git/SeniorDesignRhythmGame/Main
Z:/unity/#my avatars/senior design git/SeniorDesignRhythmGame/Main
[UnityMemory] Configuration Parameters - Can be set up in boot.config
    "memorysetup-bucket-allocator-granularity=16"
    "memorysetup-bucket-allocator-bucket-count=8"
    "memorysetup-bucket-allocator-block-size=33554432"
    "memorysetup-bucket-allocator-block-count=8"
    "memorysetup-main-allocator-block-size=16777216"
    "memorysetup-thread-allocator-block-size=16777216"
    "memorysetup-gfx-main-allocator-block-size=16777216"
    "memorysetup-gfx-thread-allocator-block-size=16777216"
    "memorysetup-cache-allocator-block-size=4194304"
    "memorysetup-typetree-allocator-block-size=2097152"
    "memorysetup-profiler-bucket-allocator-granularity=16"
    "memorysetup-profiler-bucket-allocator-bucket-count=8"
    "memorysetup-profiler-bucket-allocator-block-size=33554432"
    "memorysetup-profiler-bucket-allocator-block-count=8"
    "memorysetup-profiler-allocator-block-size=16777216"
    "memorysetup-profiler-editor-allocator-block-size=1048576"
    "memorysetup-temp-allocator-size-main=16777216"
    "memorysetup-job-temp-allocator-block-size=2097152"
    "memorysetup-job-temp-allocator-block-size-background=1048576"
    "memorysetup-job-temp-allocator-reduction-small-platforms=262144"
    "memorysetup-temp-allocator-size-background-worker=32768"
    "memorysetup-temp-allocator-size-job-worker=262144"
    "memorysetup-temp-allocator-size-preload-manager=33554432"
    "memorysetup-temp-allocator-size-nav-mesh-worker=65536"
    "memorysetup-temp-allocator-size-audio-worker=65536"
    "memorysetup-temp-allocator-size-cloud-worker=32768"
    "memorysetup-temp-allocator-size-gi-baking-worker=262144"
    "memorysetup-temp-allocator-size-gfx=262144"
Player connection [2744] Host "[IP] 172.17.224.1 [Port] 0 [Flags] 2 [Guid] 3008487397 [EditorId] 3008487397 [Version] 1048832 [Id] WindowsEditor(7,DESKTOP-EVITKSP) [Debug] 1 [PackageName] WindowsEditor [ProjectName] Editor" joined multi-casting on [225.0.0.222:54997]...

Player connection [2744] Host "[IP] 172.17.224.1 [Port] 0 [Flags] 2 [Guid] 3008487397 [EditorId] 3008487397 [Version] 1048832 [Id] WindowsEditor(7,DESKTOP-EVITKSP) [Debug] 1 [PackageName] WindowsEditor [ProjectName] Editor" joined alternative multi-casting on [225.0.0.222:34997]...

Refreshing native plugins compatible for Editor in 62.95 ms, found 2 plugins.
Preloading 0 native plugins for Editor in 0.00 ms.
Initialize engine version: 2021.3.18f1 (3129e69bc0c7)
[Subsystems] Discovering subsystems at path Z:/unity install/2021.3.18f1/Editor/Data/Resources/UnitySubsystems
[Subsystems] Discovering subsystems at path Z:/unity/#my avatars/senior design git/SeniorDesignRhythmGame/Main/Assets
GfxDevice: creating device client; threaded=0; jobified=0
Direct3D:
    Version:  Direct3D 11.0 [level 11.1]
    Renderer: NVIDIA GeForce RTX 3070 Ti (ID=0x2482)
    Vendor:   NVIDIA
    VRAM:     8041 MB
    Driver:   31.0.15.1694
Initialize mono
Mono path[0] = 'Z:/unity install/2021.3.18f1/Editor/Data/Managed'
Mono path[1] = 'Z:/unity install/2021.3.18f1/Editor/Data/MonoBleedingEdge/lib/mono/unityjit-win32'
Mono config path = 'Z:/unity install/2021.3.18f1/Editor/Data/MonoBleedingEdge/etc'
Using monoOptions --debugger-agent=transport=dt_socket,embedding=1,server=y,suspend=n,address=127.0.0.1:56484
Begin MonoManager ReloadAssembly
Registering precompiled unity dll's ...
Register platform support module: Z:/unity install/2021.3.18f1/Editor/Data/PlaybackEngines/WindowsStandaloneSupport/UnityEditor.WindowsStandalone.Extensions.dll
Registered in 0.003025 seconds.
Native extension for WindowsStandalone target not found
Refreshing native plugins compatible for Editor in 49.42 ms, found 2 plugins.
Preloading 0 native plugins for Editor in 0.00 ms.
Mono: successfully reloaded assembly
- Completed reload, in  0.840 seconds
Domain Reload Profiling:
	ReloadAssembly (840ms)
		BeginReloadAssembly (85ms)
			ExecutionOrderSort (0ms)
			DisableScriptedObjects (0ms)
			BackupInstance (0ms)
			ReleaseScriptingObjects (0ms)
			CreateAndSetChildDomain (1ms)
		EndReloadAssembly (613ms)
			LoadAssemblies (83ms)
			RebuildTransferFunctionScriptingTraits (0ms)
			SetupTypeCache (167ms)
			ReleaseScriptCaches (0ms)
			RebuildScriptCaches (35ms)
			SetupLoadedEditorAssemblies (346ms)
				LogAssemblyErrors (0ms)
				InitializePlatformSupportModulesInManaged (9ms)
				SetLoadedEditorAssemblies (0ms)
				RefreshPlugins (50ms)
				BeforeProcessingInitializeOnLoad (3ms)
				ProcessInitializeOnLoadAttributes (220ms)
				ProcessInitializeOnLoadMethodAttributes (65ms)
				AfterProcessingInitializeOnLoad (0ms)
				EditorAssembliesLoaded (0ms)
			ExecutionOrderSort2 (0ms)
			AwakeInstancesAfterBackupRestoration (0ms)
Platform modules already initialized, skipping
Registering precompiled user dll's ...
Registered in 0.002065 seconds.
Begin MonoManager ReloadAssembly
Native extension for WindowsStandalone target not found
Refreshing native plugins compatible for Editor in 0.57 ms, found 2 plugins.
Preloading 0 native plugins for Editor in 0.00 ms.
Mono: successfully reloaded assembly
- Completed reload, in  1.506 seconds
Domain Reload Profiling:
	ReloadAssembly (1516ms)
		BeginReloadAssembly (138ms)
			ExecutionOrderSort (0ms)
			DisableScriptedObjects (9ms)
			BackupInstance (0ms)
			ReleaseScriptingObjects (0ms)
			CreateAndSetChildDomain (25ms)
		EndReloadAssembly (1204ms)
			LoadAssemblies (86ms)
			RebuildTransferFunctionScriptingTraits (0ms)
			SetupTypeCache (305ms)
			ReleaseScriptCaches (1ms)
			RebuildScriptCaches (70ms)
			SetupLoadedEditorAssemblies (681ms)
				LogAssemblyErrors (0ms)
				InitializePlatformSupportModulesInManaged (6ms)
				SetLoadedEditorAssemblies (1ms)
				RefreshPlugins (1ms)
				BeforeProcessingInitializeOnLoad (151ms)
				ProcessInitializeOnLoadAttributes (478ms)
				ProcessInitializeOnLoadMethodAttributes (41ms)
				AfterProcessingInitializeOnLoad (4ms)
				EditorAssembliesLoaded (0ms)
			ExecutionOrderSort2 (0ms)
			AwakeInstancesAfterBackupRestoration (9ms)
Platform modules already initialized, skipping
========================================================================
Worker process is ready to serve import requests
Launched and connected shader compiler UnityShaderCompiler.exe after 0.07 seconds
Refreshing native plugins compatible for Editor in 0.68 ms, found 2 plugins.
Preloading 0 native plugins for Editor in 0.00 ms.
Unloading 1937 Unused Serialized files (Serialized files now loaded: 0)
Unloading 94 unused Assets / (1.4 MB). Loaded Objects now: 2394.
Memory consumption went from 200.2 MB to 198.9 MB.
Total: 6.571900 ms (FindLiveObjects: 0.317900 ms CreateObjectMapping: 0.076800 ms MarkObjects: 5.557500 ms  DeleteObjects: 0.618100 ms)

AssetImportParameters requested are different than current active one (requested -> active):
  custom:video-decoder-ogg-theora: a1e56fd34408186e4bbccfd4996cb3dc -> 
  custom:container-muxer-webm: aa71ff27fc2769a1b78a27578f13a17b -> 
  custom:container-demuxer-webm: 4f35f7cbe854078d1ac9338744f61a02 -> 
  custom:video-encoder-webm-vp8: eb34c28f22e8b96e1ab97ce403110664 -> 
  custom:video-codec-MediaFoundation-h265: e54d7ab0439102e2317fc1e4b246158d -> 
  custom:audio-encoder-webm-vorbis: bf7c407c2cedff20999df2af8eb42d56 -> 
  custom:framework-win-MediaFoundation: 216162199b28c13a410421893ffa2e32 -> 
  custom:container-demuxer-ogg: 62fdf1f143b41e24485cea50d1cbac27 -> 
  custom:video-decoder-webm-vp8: 9c59270c3fd7afecdb556c50c9e8de78 -> 
  custom:audio-decoder-ogg-vorbis: bf7c407c2cedff20999df2af8eb42d56 -> 
========================================================================
Received Import Request.
  Time since last request: 32945.489820 seconds.
  path: Assets/asteroids assets/Asteroids/Asteroids/Rock10.prefab
  artifactKey: Guid(8312a98dccd9dba4ab86a80fa392cfa8) Importer(815301076,1909f56bfc062723c751e8b465ee728b)
Start importing Assets/asteroids assets/Asteroids/Asteroids/Rock10.prefab using Guid(8312a98dccd9dba4ab86a80fa392cfa8) Importer(815301076,1909f56bfc062723c751e8b465ee728b) Failed to create material drawer ThryHeaderLabel with arguments 'Base Pass Lighting, 13'
UnityEngine.StackTraceUtility:ExtractStackTrace ()
UnityEngine.DebugLogHandler:LogFormat (UnityEngine.LogType,UnityEngine.Object,string,object[])
UnityEngine.Logger:LogFormat (UnityEngine.LogType,string,object[])
UnityEngine.Debug:LogWarningFormat (string,object[])
UnityEditor.MaterialPropertyHandler:GetShaderPropertyDrawer (string,bool&)
UnityEditor.MaterialPropertyHandler:GetShaderPropertyHandler (UnityEngine.Shader,string)
UnityEditor.MaterialPropertyHandler:GetHandler (UnityEngine.Shader,string)
UnityEditor.MaterialEditor:ApplyMaterialPropertyDrawers (UnityEngine.Object[])
UnityEditor.MaterialEditor:ApplyMaterialPropertyDrawersFromNative (UnityEngine.Material)
UnityEditor.PreviewRenderUtility:Render (bool,bool)
UnityEditor.GameObjectInspector:DoRenderPreview ()
UnityEditor.GameObjectInspector:RenderStaticPreview (string,UnityEngine.Object[],int,int)
UnityEditor.AssetPreviewUpdater:CreatePreview (UnityEngine.Object,UnityEngine.Object[],string,int,int)
UnityEditor.AssetPreviewUpdater:CreatePreviewForAsset (UnityEngine.Object,UnityEngine.Object[],string)

Failed to create material drawer ThryHeaderLabel with arguments 'Add Pass Lighting (Realtime), 13'
UnityEngine.StackTraceUtility:ExtractStackTrace ()
UnityEngine.DebugLogHandler:LogFormat (UnityEngine.LogType,UnityEngine.Object,string,object[])
UnityEngine.Logger:LogFormat (UnityEngine.LogType,string,object[])
UnityEngine.Debug:LogWarningFormat (string,object[])
UnityEditor.MaterialPropertyHandler:GetShaderPropertyDrawer (string,bool&)
UnityEditor.MaterialPropertyHandler:GetShaderPropertyHandler (UnityEngine.Shader,string)
UnityEditor.MaterialPropertyHandler:GetHandler (UnityEngine.Shader,string)
UnityEditor.MaterialEditor:ApplyMaterialPropertyDrawers (UnityEngine.Object[])
UnityEditor.MaterialEditor:ApplyMaterialPropertyDrawersFromNative (UnityEngine.Material)
UnityEditor.PreviewRenderUtility:Render (bool,bool)
UnityEditor.GameObjectInspector:DoRenderPreview ()
UnityEditor.GameObjectInspector:RenderStaticPreview (string,UnityEngine.Object[],int,int)
UnityEditor.AssetPreviewUpdater:CreatePreview (UnityEngine.Object,UnityEngine.Object[],string,int,int)
UnityEditor.AssetPreviewUpdater:CreatePreviewForAsset (UnityEngine.Object,UnityEngine.Object[],string)

Failed to create material drawer ThryHeaderLabel with arguments 'Debug Visualization, 13'
UnityEngine.StackTraceUtility:ExtractStackTrace ()
UnityEngine.DebugLogHandler:LogFormat (UnityEngine.LogType,UnityEngine.Object,string,object[])
UnityEngine.Logger:LogFormat (UnityEngine.LogType,string,object[])
UnityEngine.Debug:LogWarningFormat (string,object[])
UnityEditor.MaterialPropertyHandler:GetShaderPropertyDrawer (string,bool&)
UnityEditor.MaterialPropertyHandler:GetShaderPropertyHandler (UnityEngine.Shader,string)
UnityEditor.MaterialPropertyHandler:GetHandler (UnityEngine.Shader,string)
UnityEditor.MaterialEditor:ApplyMaterialPropertyDrawers (UnityEngine.Object[])
UnityEditor.MaterialEditor:ApplyMaterialPropertyDrawersFromNative (UnityEngine.Material)
UnityEditor.PreviewRenderUtility:Render (bool,bool)
UnityEditor.GameObjectInspector:DoRenderPreview ()
UnityEditor.GameObjectInspector:RenderStaticPreview (string,UnityEngine.Object[],int,int)
UnityEditor.AssetPreviewUpdater:CreatePreview (UnityEngine.Object,UnityEngine.Object[],string,int,int)
UnityEditor.AssetPreviewUpdater:CreatePreviewForAsset (UnityEngine.Object,UnityEngine.Object[],string)

Failed to create material drawer ThryHeaderLabel with arguments 'Base Pass Shading, 13'
UnityEngine.StackTraceUtility:ExtractStackTrace ()
UnityEngine.DebugLogHandler:LogFormat (UnityEngine.LogType,UnityEngine.Object,string,object[])
UnityEngine.Logger:LogFormat (UnityEngine.LogType,string,object[])
UnityEngine.Debug:LogWarningFormat (string,object[])
UnityEditor.MaterialPropertyHandler:GetShaderPropertyDrawer (string,bool&)
UnityEditor.MaterialPropertyHandler:GetShaderPropertyHandler (UnityEngine.Shader,string)
UnityEditor.MaterialPropertyHandler:GetHandler (UnityEngine.Shader,string)
UnityEditor.MaterialEditor:ApplyMaterialPropertyDrawers (UnityEngine.Object[])
UnityEditor.MaterialEditor:ApplyMaterialPropertyDrawersFromNative (UnityEngine.Material)
UnityEditor.PreviewRenderUtility:Render (bool,bool)
UnityEditor.GameObjectInspector:DoRenderPreview ()
UnityEditor.GameObjectInspector:RenderStaticPreview (string,UnityEngine.Object[],int,int)
UnityEditor.AssetPreviewUpdater:CreatePreview (UnityEngine.Object,UnityEngine.Object[],string,int,int)
UnityEditor.AssetPreviewUpdater:CreatePreviewForAsset (UnityEngine.Object,UnityEngine.Object[],string)

Failed to create material drawer ThryHeaderLabel with arguments 'Add Pass Shading, 13'
UnityEngine.StackTraceUtility:ExtractStackTrace ()
UnityEngine.DebugLogHandler:LogFormat (UnityEngine.LogType,UnityEngine.Object,string,object[])
UnityEngine.Logger:LogFormat (UnityEngine.LogType,string,object[])
UnityEngine.Debug:LogWarningFormat (string,object[])
UnityEditor.MaterialPropertyHandler:GetShaderPropertyDrawer (string,bool&)
UnityEditor.MaterialPropertyHandler:GetShaderPropertyHandler (UnityEngine.Shader,string)
UnityEditor.MaterialPropertyHandler:GetHandler (UnityEngine.Shader,string)
UnityEditor.MaterialEditor:ApplyMaterialPropertyDrawers (UnityEngine.Object[])
UnityEditor.MaterialEditor:ApplyMaterialPropertyDrawersFromNative (UnityEngine.Material)
UnityEditor.PreviewRenderUtility:Render (bool,bool)
UnityEditor.GameObjectInspector:DoRenderPreview ()
UnityEditor.GameObjectInspector:RenderStaticPreview (string,UnityEngine.Object[],int,int)
UnityEditor.AssetPreviewUpdater:CreatePreview (UnityEngine.Object,UnityEngine.Object[],string,int,int)
UnityEditor.AssetPreviewUpdater:CreatePreviewForAsset (UnityEngine.Object,UnityEngine.Object[],string)

Failed to create material drawer ThryHeaderLabel with arguments 'Additive Blending, 13'
UnityEngine.StackTraceUtility:ExtractStackTrace ()
UnityEngine.DebugLogHandler:LogFormat (UnityEngine.LogType,UnityEngine.Object,string,object[])
UnityEngine.Logger:LogFormat (UnityEngine.LogType,string,object[])
UnityEngine.Debug:LogWarningFormat (string,object[])
UnityEditor.MaterialPropertyHandler:GetShaderPropertyDrawer (string,bool&)
UnityEditor.MaterialPropertyHandler:GetShaderPropertyHandler (UnityEngine.Shader,string)
UnityEditor.MaterialPropertyHandler:GetHandler (UnityEngine.Shader,string)
UnityEditor.MaterialEditor:ApplyMaterialPropertyDrawers (UnityEngine.Object[])
UnityEditor.MaterialEditor:ApplyMaterialPropertyDrawersFromNative (UnityEngine.Material)
UnityEditor.PreviewRenderUtility:Render (bool,bool)
UnityEditor.GameObjectInspector:DoRenderPreview ()
UnityEditor.GameObjectInspector:RenderStaticPreview (string,UnityEngine.Object[],int,int)
UnityEditor.AssetPreviewUpdater:CreatePreview (UnityEngine.Object,UnityEngine.Object[],string,int,int)
UnityEditor.AssetPreviewUpdater:CreatePreviewForAsset (UnityEngine.Object,UnityEngine.Object[],string)

Failed to create material drawer ThryHeaderLabel with arguments 'Additive Blending, 13'
UnityEngine.StackTraceUtility:ExtractStackTrace ()
UnityEngine.DebugLogHandler:LogFormat (UnityEngine.LogType,UnityEngine.Object,string,object[])
UnityEngine.Logger:LogFormat (UnityEngine.LogType,string,object[])
UnityEngine.Debug:LogWarningFormat (string,object[])
UnityEditor.MaterialPropertyHandler:GetShaderPropertyDrawer (string,bool&)
UnityEditor.MaterialPropertyHandler:GetShaderPropertyHandler (UnityEngine.Shader,string)
UnityEditor.MaterialPropertyHandler:GetHandler (UnityEngine.Shader,string)
UnityEditor.MaterialEditor:ApplyMaterialPropertyDrawers (UnityEngine.Object[])
UnityEditor.MaterialEditor:ApplyMaterialPropertyDrawersFromNative (UnityEngine.Material)
UnityEditor.PreviewRenderUtility:Render (bool,bool)
UnityEditor.GameObjectInspector:DoRenderPreview ()
UnityEditor.GameObjectInspector:RenderStaticPreview (string,UnityEngine.Object[],int,int)
UnityEditor.AssetPreviewUpdater:CreatePreview (UnityEngine.Object,UnityEngine.Object[],string,int,int)
UnityEditor.AssetPreviewUpdater:CreatePreviewForAsset (UnityEngine.Object,UnityEngine.Object[],string)

 -> (artifact id: '0633c5f9ac50f16f1f6deec72fbb958c') in 0.597039 seconds 
========================================================================
Received Import Request.
  Time since last request: 0.001167 seconds.
  path: Assets/asteroids assets/Asteroids/Asteroids/RockFracture13.prefab
  artifactKey: Guid(b66485824d4da074ca57921ca152d924) Importer(815301076,1909f56bfc062723c751e8b465ee728b)
Start importing Assets/asteroids assets/Asteroids/Asteroids/RockFracture13.prefab using Guid(b66485824d4da074ca57921ca152d924) Importer(815301076,1909f56bfc062723c751e8b465ee728b) Failed to create material drawer ThryHeaderLabel with arguments 'Base Pass Lighting, 13'
UnityEngine.StackTraceUtility:ExtractStackTrace ()
UnityEngine.DebugLogHandler:LogFormat (UnityEngine.LogType,UnityEngine.Object,string,object[])
UnityEngine.Logger:LogFormat (UnityEngine.LogType,string,object[])
UnityEngine.Debug:LogWarningFormat (string,object[])
UnityEditor.MaterialPropertyHandler:GetShaderPropertyDrawer (string,bool&)
UnityEditor.MaterialPropertyHandler:GetShaderPropertyHandler (UnityEngine.Shader,string)
UnityEditor.MaterialPropertyHandler:GetHandler (UnityEngine.Shader,string)
UnityEditor.MaterialEditor:ApplyMaterialPropertyDrawers (UnityEngine.Object[])
UnityEditor.MaterialEditor:ApplyMaterialPropertyDrawersFromNative (UnityEngine.Material)
UnityEditor.PreviewRenderUtility:Render (bool,bool)
UnityEditor.GameObjectInspector:DoRenderPreview ()
UnityEditor.GameObjectInspector:RenderStaticPreview (string,UnityEngine.Object[],int,int)
UnityEditor.AssetPreviewUpdater:CreatePreview (UnityEngine.Object,UnityEngine.Object[],string,int,int)
UnityEditor.AssetPreviewUpdater:CreatePreviewForAsset (UnityEngine.Object,UnityEngine.Object[],string)

Failed to create material drawer ThryHeaderLabel with arguments 'Add Pass Lighting (Realtime), 13'
UnityEngine.StackTraceUtility:ExtractStackTrace ()
UnityEngine.DebugLogHandler:LogFormat (UnityEngine.LogType,UnityEngine.Object,string,object[])
UnityEngine.Logger:LogFormat (UnityEngine.LogType,string,object[])
UnityEngine.Debug:LogWarningFormat (string,object[])
UnityEditor.MaterialPropertyHandler:GetShaderPropertyDrawer (string,bool&)
UnityEditor.MaterialPropertyHandler:GetShaderPropertyHandler (UnityEngine.Shader,string)
UnityEditor.MaterialPropertyHandler:GetHandler (UnityEngine.Shader,string)
UnityEditor.MaterialEditor:ApplyMaterialPropertyDrawers (UnityEngine.Object[])
UnityEditor.MaterialEditor:ApplyMaterialPropertyDrawersFromNative (UnityEngine.Material)
UnityEditor.PreviewRenderUtility:Render (bool,bool)
UnityEditor.GameObjectInspector:DoRenderPreview ()
UnityEditor.GameObjectInspector:RenderStaticPreview (string,UnityEngine.Object[],int,int)
UnityEditor.AssetPreviewUpdater:CreatePreview (UnityEngine.Object,UnityEngine.Object[],string,int,int)
UnityEditor.AssetPreviewUpdater:CreatePreviewForAsset (UnityEngine.Object,UnityEngine.Object[],string)

Failed to create material drawer ThryHeaderLabel with arguments 'Debug Visualization, 13'
UnityEngine.StackTraceUtility:ExtractStackTrace ()
UnityEngine.DebugLogHandler:LogFormat (UnityEngine.LogType,UnityEngine.Object,string,object[])
UnityEngine.Logger:LogFormat (UnityEngine.LogType,string,object[])
UnityEngine.Debug:LogWarningFormat (string,object[])
UnityEditor.MaterialPropertyHandler:GetShaderPropertyDrawer (string,bool&)
UnityEditor.MaterialPropertyHandler:GetShaderPropertyHandler (UnityEngine.Shader,string)
UnityEditor.MaterialPropertyHandler:GetHandler (UnityEngine.Shader,string)
UnityEditor.MaterialEditor:ApplyMaterialPropertyDrawers (UnityEngine.Object[])
UnityEditor.MaterialEditor:ApplyMaterialPropertyDrawersFromNative (UnityEngine.Material)
UnityEditor.PreviewRenderUtility:Render (bool,bool)
UnityEditor.GameObjectInspector:DoRenderPreview ()
UnityEditor.GameObjectInspector:RenderStaticPreview (string,UnityEngine.Object[],int,int)
UnityEditor.AssetPreviewUpdater:CreatePreview (UnityEngine.Object,UnityEngine.Object[],string,int,int)
UnityEditor.AssetPreviewUpdater:CreatePreviewForAsset (UnityEngine.Object,UnityEngine.Object[],string)

Failed to create material drawer ThryHeaderLabel with arguments 'Base Pass Shading, 13'
UnityEngine.StackTraceUtility:ExtractStackTrace ()
UnityEngine.DebugLogHandler:LogFormat (UnityEngine.LogType,UnityEngine.Object,string,object[])
UnityEngine.Logger:LogFormat (UnityEngine.LogType,string,object[])
UnityEngine.Debug:LogWarningFormat (string,object[])
UnityEditor.MaterialPropertyHandler:GetShaderPropertyDrawer (string,bool&)
UnityEditor.MaterialPropertyHandler:GetShaderPropertyHandler (UnityEngine.Shader,string)
UnityEditor.MaterialPropertyHandler:GetHandler (UnityEngine.Shader,string)
UnityEditor.MaterialEditor:ApplyMaterialPropertyDrawers (UnityEngine.Object[])
UnityEditor.MaterialEditor:ApplyMaterialPropertyDrawersFromNative (UnityEngine.Material)
UnityEditor.PreviewRenderUtility:Render (bool,bool)
UnityEditor.GameObjectInspector:DoRenderPreview ()
UnityEditor.GameObjectInspector:RenderStaticPreview (string,UnityEngine.Object[],int,int)
UnityEditor.AssetPreviewUpdater:CreatePreview (UnityEngine.Object,UnityEngine.Object[],string,int,int)
UnityEditor.AssetPreviewUpdater:CreatePreviewForAsset (UnityEngine.Object,UnityEngine.Object[],string)

Failed to create material drawer ThryHeaderLabel with arguments 'Add Pass Shading, 13'
UnityEngine.StackTraceUtility:ExtractStackTrace ()
UnityEngine.DebugLogHandler:LogFormat (UnityEngine.LogType,UnityEngine.Object,string,object[])
UnityEngine.Logger:LogFormat (UnityEngine.LogType,string,object[])
UnityEngine.Debug:LogWarningFormat (string,object[])
UnityEditor.MaterialPropertyHandler:GetShaderPropertyDrawer (string,bool&)
UnityEditor.MaterialPropertyHandler:GetShaderPropertyHandler (UnityEngine.Shader,string)
UnityEditor.MaterialPropertyHandler:GetHandler (UnityEngine.Shader,string)
UnityEditor.MaterialEditor:ApplyMaterialPropertyDrawers (UnityEngine.Object[])
UnityEditor.MaterialEditor:ApplyMaterialPropertyDrawersFromNative (UnityEngine.Material)
UnityEditor.PreviewRenderUtility:Render (bool,bool)
UnityEditor.GameObjectInspector:DoRenderPreview ()
UnityEditor.GameObjectInspector:RenderStaticPreview (string,UnityEngine.Object[],int,int)
UnityEditor.AssetPreviewUpdater:CreatePreview (UnityEngine.Object,UnityEngine.Object[],string,int,int)
UnityEditor.AssetPreviewUpdater:CreatePreviewForAsset (UnityEngine.Object,UnityEngine.Object[],string)

Failed to create material drawer ThryHeaderLabel with arguments 'Additive Blending, 13'
UnityEngine.StackTraceUtility:ExtractStackTrace ()
UnityEngine.DebugLogHandler:LogFormat (UnityEngine.LogType,UnityEngine.Object,string,object[])
UnityEngine.Logger:LogFormat (UnityEngine.LogType,string,object[])
UnityEngine.Debug:LogWarningFormat (string,object[])
UnityEditor.MaterialPropertyHandler:GetShaderPropertyDrawer (string,bool&)
UnityEditor.MaterialPropertyHandler:GetShaderPropertyHandler (UnityEngine.Shader,string)
UnityEditor.MaterialPropertyHandler:GetHandler (UnityEngine.Shader,string)
UnityEditor.MaterialEditor:ApplyMaterialPropertyDrawers (UnityEngine.Object[])
UnityEditor.MaterialEditor:ApplyMaterialPropertyDrawersFromNative (UnityEngine.Material)
UnityEditor.PreviewRenderUtility:Render (bool,bool)
UnityEditor.GameObjectInspector:DoRenderPreview ()
UnityEditor.GameObjectInspector:RenderStaticPreview (string,UnityEngine.Object[],int,int)
UnityEditor.AssetPreviewUpdater:CreatePreview (UnityEngine.Object,UnityEngine.Object[],string,int,int)
UnityEditor.AssetPreviewUpdater:CreatePreviewForAsset (UnityEngine.Object,UnityEngine.Object[],string)

Failed to create material drawer ThryHeaderLabel with arguments 'Additive Blending, 13'
UnityEngine.StackTraceUtility:ExtractStackTrace ()
UnityEngine.DebugLogHandler:LogFormat (UnityEngine.LogType,UnityEngine.Object,string,object[])
UnityEngine.Logger:LogFormat (UnityEngine.LogType,string,object[])
UnityEngine.Debug:LogWarningFormat (string,object[])
UnityEditor.MaterialPropertyHandler:GetShaderPropertyDrawer (string,bool&)
UnityEditor.MaterialPropertyHandler:GetShaderPropertyHandler (UnityEngine.Shader,string)
UnityEditor.MaterialPropertyHandler:GetHandler (UnityEngine.Shader,string)
UnityEditor.MaterialEditor:ApplyMaterialPropertyDrawers (UnityEngine.Object[])
UnityEditor.MaterialEditor:ApplyMaterialPropertyDrawersFromNative (UnityEngine.Material)
UnityEditor.PreviewRenderUtility:Render (bool,bool)
UnityEditor.GameObjectInspector:DoRenderPreview ()
UnityEditor.GameObjectInspector:RenderStaticPreview (string,UnityEngine.Object[],int,int)
UnityEditor.AssetPreviewUpdater:CreatePreview (UnityEngine.Object,UnityEngine.Object[],string,int,int)
UnityEditor.AssetPreviewUpdater:CreatePreviewForAsset (UnityEngine.Object,UnityEngine.Object[],string)

 -> (artifact id: 'b1d224bb2c3497f792cf3849a5f56440') in 0.232402 seconds 
========================================================================
Received Import Request.
  Time since last request: 0.007179 seconds.
  path: Assets/asteroids assets/Asteroids/Asteroids/RockFracture8.prefab
  artifactKey: Guid(0ff42f37aee0fec44bcd79763ae4f92f) Importer(815301076,1909f56bfc062723c751e8b465ee728b)
Start importing Assets/asteroids assets/Asteroids/Asteroids/RockFracture8.prefab using Guid(0ff42f37aee0fec44bcd79763ae4f92f) Importer(815301076,1909f56bfc062723c751e8b465ee728b) Failed to create material drawer ThryHeaderLabel with arguments 'Base Pass Lighting, 13'
UnityEngine.StackTraceUtility:ExtractStackTrace ()
UnityEngine.DebugLogHandler:LogFormat (UnityEngine.LogType,UnityEngine.Object,string,object[])
UnityEngine.Logger:LogFormat (UnityEngine.LogType,string,object[])
UnityEngine.Debug:LogWarningFormat (string,object[])
UnityEditor.MaterialPropertyHandler:GetShaderPropertyDrawer (string,bool&)
UnityEditor.MaterialPropertyHandler:GetShaderPropertyHandler (UnityEngine.Shader,string)
UnityEditor.MaterialPropertyHandler:GetHandler (UnityEngine.Shader,string)
UnityEditor.MaterialEditor:ApplyMaterialPropertyDrawers (UnityEngine.Object[])
UnityEditor.MaterialEditor:ApplyMaterialPropertyDrawersFromNative (UnityEngine.Material)
UnityEditor.PreviewRenderUtility:Render (bool,bool)
UnityEditor.GameObjectInspector:DoRenderPreview ()
UnityEditor.GameObjectInspector:RenderStaticPreview (string,UnityEngine.Object[],int,int)
UnityEditor.AssetPreviewUpdater:CreatePreview (UnityEngine.Object,UnityEngine.Object[],string,int,int)
UnityEditor.AssetPreviewUpdater:CreatePreviewForAsset (UnityEngine.Object,UnityEngine.Object[],string)

Failed to create material drawer ThryHeaderLabel with arguments 'Add Pass Lighting (Realtime), 13'
UnityEngine.StackTraceUtility:ExtractStackTrace ()
UnityEngine.DebugLogHandler:LogFormat (UnityEngine.LogType,UnityEngine.Object,string,object[])
UnityEngine.Logger:LogFormat (UnityEngine.LogType,string,object[])
UnityEngine.Debug:LogWarningFormat (string,object[])
UnityEditor.MaterialPropertyHandler:GetShaderPropertyDrawer (string,bool&)
UnityEditor.MaterialPropertyHandler:GetShaderPropertyHandler (UnityEngine.Shader,string)
UnityEditor.MaterialPropertyHandler:GetHandler (UnityEngine.Shader,string)
UnityEditor.MaterialEditor:ApplyMaterialPropertyDrawers (UnityEngine.Object[])
UnityEditor.MaterialEditor:ApplyMaterialPropertyDrawersFromNative (UnityEngine.Material)
UnityEditor.PreviewRenderUtility:Render (bool,bool)
UnityEditor.GameObjectInspector:DoRenderPreview ()
UnityEditor.GameObjectInspector:RenderStaticPreview (string,UnityEngine.Object[],int,int)
UnityEditor.AssetPreviewUpdater:CreatePreview (UnityEngine.Object,UnityEngine.Object[],string,int,int)
UnityEditor.AssetPreviewUpdater:CreatePreviewForAsset (UnityEngine.Object,UnityEngine.Object[],string)

Failed to create material drawer ThryHeaderLabel with arguments 'Debug Visualization, 13'
UnityEngine.StackTraceUtility:ExtractStackTrace ()
UnityEngine.DebugLogHandler:LogFormat (UnityEngine.LogType,UnityEngine.Object,string,object[])
UnityEngine.Logger:LogFormat (UnityEngine.LogType,string,object[])
UnityEngine.Debug:LogWarningFormat (string,object[])
UnityEditor.MaterialPropertyHandler:GetShaderPropertyDrawer (string,bool&)
UnityEditor.MaterialPropertyHandler:GetShaderPropertyHandler (UnityEngine.Shader,string)
UnityEditor.MaterialPropertyHandler:GetHandler (UnityEngine.Shader,string)
UnityEditor.MaterialEditor:ApplyMaterialPropertyDrawers (UnityEngine.Object[])
UnityEditor.MaterialEditor:ApplyMaterialPropertyDrawersFromNative (UnityEngine.Material)
UnityEditor.PreviewRenderUtility:Render (bool,bool)
UnityEditor.GameObjectInspector:DoRenderPreview ()
UnityEditor.GameObjectInspector:RenderStaticPreview (string,UnityEngine.Object[],int,int)
UnityEditor.AssetPreviewUpdater:CreatePreview (UnityEngine.Object,UnityEngine.Object[],string,int,int)
UnityEditor.AssetPreviewUpdater:CreatePreviewForAsset (UnityEngine.Object,UnityEngine.Object[],string)

Failed to create material drawer ThryHeaderLabel with arguments 'Base Pass Shading, 13'
UnityEngine.StackTraceUtility:ExtractStackTrace ()
UnityEngine.DebugLogHandler:LogFormat (UnityEngine.LogType,UnityEngine.Object,string,object[])
UnityEngine.Logger:LogFormat (UnityEngine.LogType,string,object[])
UnityEngine.Debug:LogWarningFormat (string,object[])
UnityEditor.MaterialPropertyHandler:GetShaderPropertyDrawer (string,bool&)
UnityEditor.MaterialPropertyHandler:GetShaderPropertyHandler (UnityEngine.Shader,string)
UnityEditor.MaterialPropertyHandler:GetHandler (UnityEngine.Shader,string)
UnityEditor.MaterialEditor:ApplyMaterialPropertyDrawers (UnityEngine.Object[])
UnityEditor.MaterialEditor:ApplyMaterialPropertyDrawersFromNative (UnityEngine.Material)
UnityEditor.PreviewRenderUtility:Render (bool,bool)
UnityEditor.GameObjectInspector:DoRenderPreview ()
UnityEditor.GameObjectInspector:RenderStaticPreview (string,UnityEngine.Object[],int,int)
UnityEditor.AssetPreviewUpdater:CreatePreview (UnityEngine.Object,UnityEngine.Object[],string,int,int)
UnityEditor.AssetPreviewUpdater:CreatePreviewForAsset (UnityEngine.Object,UnityEngine.Object[],string)

Failed to create material drawer ThryHeaderLabel with arguments 'Add Pass Shading, 13'
UnityEngine.StackTraceUtility:ExtractStackTrace ()
UnityEngine.DebugLogHandler:LogFormat (UnityEngine.LogType,UnityEngine.Object,string,object[])
UnityEngine.Logger:LogFormat (UnityEngine.LogType,string,object[])
UnityEngine.Debug:LogWarningFormat (string,object[])
UnityEditor.MaterialPropertyHandler:GetShaderPropertyDrawer (string,bool&)
UnityEditor.MaterialPropertyHandler:GetShaderPropertyHandler (UnityEngine.Shader,string)
UnityEditor.MaterialPropertyHandler:GetHandler (UnityEngine.Shader,string)
UnityEditor.MaterialEditor:ApplyMaterialPropertyDrawers (UnityEngine.Object[])
UnityEditor.MaterialEditor:ApplyMaterialPropertyDrawersFromNative (UnityEngine.Material)
UnityEditor.PreviewRenderUtility:Render (bool,bool)
UnityEditor.GameObjectInspector:DoRenderPreview ()
UnityEditor.GameObjectInspector:RenderStaticPreview (string,UnityEngine.Object[],int,int)
UnityEditor.AssetPreviewUpdater:CreatePreview (UnityEngine.Object,UnityEngine.Object[],string,int,int)
UnityEditor.AssetPreviewUpdater:CreatePreviewForAsset (UnityEngine.Object,UnityEngine.Object[],string)

Failed to create material drawer ThryHeaderLabel with arguments 'Additive Blending, 13'
UnityEngine.StackTraceUtility:ExtractStackTrace ()
UnityEngine.DebugLogHandler:LogFormat (UnityEngine.LogType,UnityEngine.Object,string,object[])
UnityEngine.Logger:LogFormat (UnityEngine.LogType,string,object[])
UnityEngine.Debug:LogWarningFormat (string,object[])
UnityEditor.MaterialPropertyHandler:GetShaderPropertyDrawer (string,bool&)
UnityEditor.MaterialPropertyHandler:GetShaderPropertyHandler (UnityEngine.Shader,string)
UnityEditor.MaterialPropertyHandler:GetHandler (UnityEngine.Shader,string)
UnityEditor.MaterialEditor:ApplyMaterialPropertyDrawers (UnityEngine.Object[])
UnityEditor.MaterialEditor:ApplyMaterialPropertyDrawersFromNative (UnityEngine.Material)
UnityEditor.PreviewRenderUtility:Render (bool,bool)
UnityEditor.GameObjectInspector:DoRenderPreview ()
UnityEditor.GameObjectInspector:RenderStaticPreview (string,UnityEngine.Object[],int,int)
UnityEditor.AssetPreviewUpdater:CreatePreview (UnityEngine.Object,UnityEngine.Object[],string,int,int)
UnityEditor.AssetPreviewUpdater:CreatePreviewForAsset (UnityEngine.Object,UnityEngine.Object[],string)

Failed to create material drawer ThryHeaderLabel with arguments 'Additive Blending, 13'
UnityEngine.StackTraceUtility:ExtractStackTrace ()
UnityEngine.DebugLogHandler:LogFormat (UnityEngine.LogType,UnityEngine.Object,string,object[])
UnityEngine.Logger:LogFormat (UnityEngine.LogType,string,object[])
UnityEngine.Debug:LogWarningFormat (string,object[])
UnityEditor.MaterialPropertyHandler:GetShaderPropertyDrawer (string,bool&)
UnityEditor.MaterialPropertyHandler:GetShaderPropertyHandler (UnityEngine.Shader,string)
UnityEditor.MaterialPropertyHandler:GetHandler (UnityEngine.Shader,string)
UnityEditor.MaterialEditor:ApplyMaterialPropertyDrawers (UnityEngine.Object[])
UnityEditor.MaterialEditor:ApplyMaterialPropertyDrawersFromNative (UnityEngine.Material)
UnityEditor.PreviewRenderUtility:Render (bool,bool)
UnityEditor.GameObjectInspector:DoRenderPreview ()
UnityEditor.GameObjectInspector:RenderStaticPreview (string,UnityEngine.Object[],int,int)
UnityEditor.AssetPreviewUpdater:CreatePreview (UnityEngine.Object,UnityEngine.Object[],string,int,int)
UnityEditor.AssetPreviewUpdater:CreatePreviewForAsset (UnityEngine.Object,UnityEngine.Object[],string)

 -> (artifact id: '4ea1aeaf088e5f20fe3ef136cc32d00c') in 0.214305 seconds 
========================================================================
Received Import Request.
  Time since last request: 0.007245 seconds.
  path: Assets/asteroids assets/Asteroids/Asteroids/Rock4.prefab
  artifactKey: Guid(b31bb4b021ef65f4fbaf7f2d7e56f967) Importer(815301076,1909f56bfc062723c751e8b465ee728b)
Start importing Assets/asteroids assets/Asteroids/Asteroids/Rock4.prefab using Guid(b31bb4b021ef65f4fbaf7f2d7e56f967) Importer(815301076,1909f56bfc062723c751e8b465ee728b) Failed to create material drawer ThryHeaderLabel with arguments 'Base Pass Shading, 13'
UnityEngine.StackTraceUtility:ExtractStackTrace ()
UnityEngine.DebugLogHandler:LogFormat (UnityEngine.LogType,UnityEngine.Object,string,object[])
UnityEngine.Logger:LogFormat (UnityEngine.LogType,string,object[])
UnityEngine.Debug:LogWarningFormat (string,object[])
UnityEditor.MaterialPropertyHandler:GetShaderPropertyDrawer (string,bool&)
UnityEditor.MaterialPropertyHandler:GetShaderPropertyHandler (UnityEngine.Shader,string)
UnityEditor.MaterialPropertyHandler:GetHandler (UnityEngine.Shader,string)
UnityEditor.MaterialEditor:ApplyMaterialPropertyDrawers (UnityEngine.Object[])
UnityEditor.MaterialEditor:ApplyMaterialPropertyDrawersFromNative (UnityEngine.Material)
UnityEditor.PreviewRenderUtility:Render (bool,bool)
UnityEditor.GameObjectInspector:DoRenderPreview ()
UnityEditor.GameObjectInspector:RenderStaticPreview (string,UnityEngine.Object[],int,int)
UnityEditor.AssetPreviewUpdater:CreatePreview (UnityEngine.Object,UnityEngine.Object[],string,int,int)
UnityEditor.AssetPreviewUpdater:CreatePreviewForAsset (UnityEngine.Object,UnityEngine.Object[],string)

 -> (artifact id: 'dd287400fc49688afadf5092789e35a8') in 0.081344 seconds 
========================================================================
Received Import Request.
  Time since last request: 0.000029 seconds.
  path: Assets/asteroids assets/Asteroids/Asteroids/Rock15.prefab
  artifactKey: Guid(c0e82ab38938b0a4ab35f65d8981ac0f) Importer(815301076,1909f56bfc062723c751e8b465ee728b)
Start importing Assets/asteroids assets/Asteroids/Asteroids/Rock15.prefab using Guid(c0e82ab38938b0a4ab35f65d8981ac0f) Importer(815301076,1909f56bfc062723c751e8b465ee728b) Failed to create material drawer ThryHeaderLabel with arguments 'Base Pass Lighting, 13'
UnityEngine.StackTraceUtility:ExtractStackTrace ()
UnityEngine.DebugLogHandler:LogFormat (UnityEngine.LogType,UnityEngine.Object,string,object[])
UnityEngine.Logger:LogFormat (UnityEngine.LogType,string,object[])
UnityEngine.Debug:LogWarningFormat (string,object[])
UnityEditor.MaterialPropertyHandler:GetShaderPropertyDrawer (string,bool&)
UnityEditor.MaterialPropertyHandler:GetShaderPropertyHandler (UnityEngine.Shader,string)
UnityEditor.MaterialPropertyHandler:GetHandler (UnityEngine.Shader,string)
UnityEditor.MaterialEditor:ApplyMaterialPropertyDrawers (UnityEngine.Object[])
UnityEditor.MaterialEditor:ApplyMaterialPropertyDrawersFromNative (UnityEngine.Material)
UnityEditor.PreviewRenderUtility:Render (bool,bool)
UnityEditor.GameObjectInspector:DoRenderPreview ()
UnityEditor.GameObjectInspector:RenderStaticPreview (string,UnityEngine.Object[],int,int)
UnityEditor.AssetPreviewUpdater:CreatePreview (UnityEngine.Object,UnityEngine.Object[],string,int,int)
UnityEditor.AssetPreviewUpdater:CreatePreviewForAsset (UnityEngine.Object,UnityEngine.Object[],string)

Failed to create material drawer ThryHeaderLabel with arguments 'Add Pass Lighting (Realtime), 13'
UnityEngine.StackTraceUtility:ExtractStackTrace ()
UnityEngine.DebugLogHandler:LogFormat (UnityEngine.LogType,UnityEngine.Object,string,object[])
UnityEngine.Logger:LogFormat (UnityEngine.LogType,string,object[])
UnityEngine.Debug:LogWarningFormat (string,object[])
UnityEditor.MaterialPropertyHandler:GetShaderPropertyDrawer (string,bool&)
UnityEditor.MaterialPropertyHandler:GetShaderPropertyHandler (UnityEngine.Shader,string)
UnityEditor.MaterialPropertyHandler:GetHandler (UnityEngine.Shader,string)
UnityEditor.MaterialEditor:ApplyMaterialPropertyDrawers (UnityEngine.Object[])
UnityEditor.MaterialEditor:ApplyMaterialPropertyDrawersFromNative (UnityEngine.Material)
UnityEditor.PreviewRenderUtility:Render (bool,bool)
UnityEditor.GameObjectInspector:DoRenderPreview ()
UnityEditor.GameObjectInspector:RenderStaticPreview (string,UnityEngine.Object[],int,int)
UnityEditor.AssetPreviewUpdater:CreatePreview (UnityEngine.Object,UnityEngine.Object[],string,int,int)
UnityEditor.AssetPreviewUpdater:CreatePreviewForAsset (UnityEngine.Object,UnityEngine.Object[],string)

Failed to create material drawer ThryHeaderLabel with arguments 'Debug Visualization, 13'
UnityEngine.StackTraceUtility:ExtractStackTrace ()
UnityEngine.DebugLogHandler:LogFormat (UnityEngine.LogType,UnityEngine.Object,string,object[])
UnityEngine.Logger:LogFormat (UnityEngine.LogType,string,object[])
UnityEngine.Debug:LogWarningFormat (string,object[])
UnityEditor.MaterialPropertyHandler:GetShaderPropertyDrawer (string,bool&)
UnityEditor.MaterialPropertyHandler:GetShaderPropertyHandler (UnityEngine.Shader,string)
UnityEditor.MaterialPropertyHandler:GetHandler (UnityEngine.Shader,string)
UnityEditor.MaterialEditor:ApplyMaterialPropertyDrawers (UnityEngine.Object[])
UnityEditor.MaterialEditor:ApplyMaterialPropertyDrawersFromNative (UnityEngine.Material)
UnityEditor.PreviewRenderUtility:Render (bool,bool)
UnityEditor.GameObjectInspector:DoRenderPreview ()
UnityEditor.GameObjectInspector:RenderStaticPreview (string,UnityEngine.Object[],int,int)
UnityEditor.AssetPreviewUpdater:CreatePreview (UnityEngine.Object,UnityEngine.Object[],string,int,int)
UnityEditor.AssetPreviewUpdater:CreatePreviewForAsset (UnityEngine.Object,UnityEngine.Object[],string)

Failed to create material drawer ThryHeaderLabel with arguments 'Base Pass Shading, 13'
UnityEngine.StackTraceUtility:ExtractStackTrace ()
UnityEngine.DebugLogHandler:LogFormat (UnityEngine.LogType,UnityEngine.Object,string,object[])
UnityEngine.Logger:LogFormat (UnityEngine.LogType,string,object[])
UnityEngine.Debug:LogWarningFormat (string,object[])
UnityEditor.MaterialPropertyHandler:GetShaderPropertyDrawer (string,bool&)
UnityEditor.MaterialPropertyHandler:GetShaderPropertyHandler (UnityEngine.Shader,string)
UnityEditor.MaterialPropertyHandler:GetHandler (UnityEngine.Shader,string)
UnityEditor.MaterialEditor:ApplyMaterialPropertyDrawers (UnityEngine.Object[])
UnityEditor.MaterialEditor:ApplyMaterialPropertyDrawersFromNative (UnityEngine.Material)
UnityEditor.PreviewRenderUtility:Render (bool,bool)
UnityEditor.GameObjectInspector:DoRenderPreview ()
UnityEditor.GameObjectInspector:RenderStaticPreview (string,UnityEngine.Object[],int,int)
UnityEditor.AssetPreviewUpdater:CreatePreview (UnityEngine.Object,UnityEngine.Object[],string,int,int)
UnityEditor.AssetPreviewUpdater:CreatePreviewForAsset (UnityEngine.Object,UnityEngine.Object[],string)

Failed to create material drawer ThryHeaderLabel with arguments 'Add Pass Shading, 13'
UnityEngine.StackTraceUtility:ExtractStackTrace ()
UnityEngine.DebugLogHandler:LogFormat (UnityEngine.LogType,UnityEngine.Object,string,object[])
UnityEngine.Logger:LogFormat (UnityEngine.LogType,string,object[])
UnityEngine.Debug:LogWarningFormat (string,object[])
UnityEditor.MaterialPropertyHandler:GetShaderPropertyDrawer (string,bool&)
UnityEditor.MaterialPropertyHandler:GetShaderPropertyHandler (UnityEngine.Shader,string)
UnityEditor.MaterialPropertyHandler:GetHandler (UnityEngine.Shader,string)
UnityEditor.MaterialEditor:ApplyMaterialPropertyDrawers (UnityEngine.Object[])
UnityEditor.MaterialEditor:ApplyMaterialPropertyDrawersFromNative (UnityEngine.Material)
UnityEditor.PreviewRenderUtility:Render (bool,bool)
UnityEditor.GameObjectInspector:DoRenderPreview ()
UnityEditor.GameObjectInspector:RenderStaticPreview (string,UnityEngine.Object[],int,int)
UnityEditor.AssetPreviewUpdater:CreatePreview (UnityEngine.Object,UnityEngine.Object[],string,int,int)
UnityEditor.AssetPreviewUpdater:CreatePreviewForAsset (UnityEngine.Object,UnityEngine.Object[],string)

Failed to create material drawer ThryHeaderLabel with arguments 'Additive Blending, 13'
UnityEngine.StackTraceUtility:ExtractStackTrace ()
UnityEngine.DebugLogHandler:LogFormat (UnityEngine.LogType,UnityEngine.Object,string,object[])
UnityEngine.Logger:LogFormat (UnityEngine.LogType,string,object[])
UnityEngine.Debug:LogWarningFormat (string,object[])
UnityEditor.MaterialPropertyHandler:GetShaderPropertyDrawer (string,bool&)
UnityEditor.MaterialPropertyHandler:GetShaderPropertyHandler (UnityEngine.Shader,string)
UnityEditor.MaterialPropertyHandler:GetHandler (UnityEngine.Shader,string)
UnityEditor.MaterialEditor:ApplyMaterialPropertyDrawers (UnityEngine.Object[])
UnityEditor.MaterialEditor:ApplyMaterialPropertyDrawersFromNative (UnityEngine.Material)
UnityEditor.PreviewRenderUtility:Render (bool,bool)
UnityEditor.GameObjectInspector:DoRenderPreview ()
UnityEditor.GameObjectInspector:RenderStaticPreview (string,UnityEngine.Object[],int,int)
UnityEditor.AssetPreviewUpdater:CreatePreview (UnityEngine.Object,UnityEngine.Object[],string,int,int)
UnityEditor.AssetPreviewUpdater:CreatePreviewForAsset (UnityEngine.Object,UnityEngine.Object[],string)

Failed to create material drawer ThryHeaderLabel with arguments 'Additive Blending, 13'
UnityEngine.StackTraceUtility:ExtractStackTrace ()
UnityEngine.DebugLogHandler:LogFormat (UnityEngine.LogType,UnityEngine.Object,string,object[])
UnityEngine.Logger:LogFormat (UnityEngine.LogType,string,object[])
UnityEngine.Debug:LogWarningFormat (string,object[])
UnityEditor.MaterialPropertyHandler:GetShaderPropertyDrawer (string,bool&)
UnityEditor.MaterialPropertyHandler:GetShaderPropertyHandler (UnityEngine.Shader,string)
UnityEditor.MaterialPropertyHandler:GetHandler (UnityEngine.Shader,string)
UnityEditor.MaterialEditor:ApplyMaterialPropertyDrawers (UnityEngine.Object[])
UnityEditor.MaterialEditor:ApplyMaterialPropertyDrawersFromNative (UnityEngine.Material)
UnityEditor.PreviewRenderUtility:Render (bool,bool)
UnityEditor.GameObjectInspector:DoRenderPreview ()
UnityEditor.GameObjectInspector:RenderStaticPreview (string,UnityEngine.Object[],int,int)
UnityEditor.AssetPreviewUpdater:CreatePreview (UnityEngine.Object,UnityEngine.Object[],string,int,int)
UnityEditor.AssetPreviewUpdater:CreatePreviewForAsset (UnityEngine.Object,UnityEngine.Object[],string)

 -> (artifact id: 'e169ab48013318610c82a6978c7fa7f3') in 0.210631 seconds 
========================================================================
Received Import Request.
  Time since last request: 0.007919 seconds.
  path: Assets/asteroids assets/Asteroids/Asteroids/RockFracture10.prefab
  artifactKey: Guid(a680ad859bd92a345b6ae6b11c6a4301) Importer(815301076,1909f56bfc062723c751e8b465ee728b)
Start importing Assets/asteroids assets/Asteroids/Asteroids/RockFracture10.prefab using Guid(a680ad859bd92a345b6ae6b11c6a4301) Importer(815301076,1909f56bfc062723c751e8b465ee728b) Failed to create material drawer ThryHeaderLabel with arguments 'Base Pass Shading, 13'
UnityEngine.StackTraceUtility:ExtractStackTrace ()
UnityEngine.DebugLogHandler:LogFormat (UnityEngine.LogType,UnityEngine.Object,string,object[])
UnityEngine.Logger:LogFormat (UnityEngine.LogType,string,object[])
UnityEngine.Debug:LogWarningFormat (string,object[])
UnityEditor.MaterialPropertyHandler:GetShaderPropertyDrawer (string,bool&)
UnityEditor.MaterialPropertyHandler:GetShaderPropertyHandler (UnityEngine.Shader,string)
UnityEditor.MaterialPropertyHandler:GetHandler (UnityEngine.Shader,string)
UnityEditor.MaterialEditor:ApplyMaterialPropertyDrawers (UnityEngine.Object[])
UnityEditor.MaterialEditor:ApplyMaterialPropertyDrawersFromNative (UnityEngine.Material)
UnityEditor.PreviewRenderUtility:Render (bool,bool)
UnityEditor.GameObjectInspector:DoRenderPreview ()
UnityEditor.GameObjectInspector:RenderStaticPreview (string,UnityEngine.Object[],int,int)
UnityEditor.AssetPreviewUpdater:CreatePreview (UnityEngine.Object,UnityEngine.Object[],string,int,int)
UnityEditor.AssetPreviewUpdater:CreatePreviewForAsset (UnityEngine.Object,UnityEngine.Object[],string)

 -> (artifact id: '34589c8af9335b168e6df464cef919a9') in 0.070591 seconds 
========================================================================
Received Import Request.
  Time since last request: 0.000736 seconds.
  path: Assets/asteroids assets/Asteroids/Asteroids/Rock12.prefab
  artifactKey: Guid(73da260fe05fc414da1dbbca90d3030c) Importer(815301076,1909f56bfc062723c751e8b465ee728b)
Start importing Assets/asteroids assets/Asteroids/Asteroids/Rock12.prefab using Guid(73da260fe05fc414da1dbbca90d3030c) Importer(815301076,1909f56bfc062723c751e8b465ee728b) Failed to create material drawer ThryHeaderLabel with arguments 'Base Pass Lighting, 13'
UnityEngine.StackTraceUtility:ExtractStackTrace ()
UnityEngine.DebugLogHandler:LogFormat (UnityEngine.LogType,UnityEngine.Object,string,object[])
UnityEngine.Logger:LogFormat (UnityEngine.LogType,string,object[])
UnityEngine.Debug:LogWarningFormat (string,object[])
UnityEditor.MaterialPropertyHandler:GetShaderPropertyDrawer (string,bool&)
UnityEditor.MaterialPropertyHandler:GetShaderPropertyHandler (UnityEngine.Shader,string)
UnityEditor.MaterialPropertyHandler:GetHandler (UnityEngine.Shader,string)
UnityEditor.MaterialEditor:ApplyMaterialPropertyDrawers (UnityEngine.Object[])
UnityEditor.MaterialEditor:ApplyMaterialPropertyDrawersFromNative (UnityEngine.Material)
UnityEditor.PreviewRenderUtility:Render (bool,bool)
UnityEditor.GameObjectInspector:DoRenderPreview ()
UnityEditor.GameObjectInspector:RenderStaticPreview (string,UnityEngine.Object[],int,int)
UnityEditor.AssetPreviewUpdater:CreatePreview (UnityEngine.Object,UnityEngine.Object[],string,int,int)
UnityEditor.AssetPreviewUpdater:CreatePreviewForAsset (UnityEngine.Object,UnityEngine.Object[],string)

Failed to create material drawer ThryHeaderLabel with arguments 'Add Pass Lighting (Realtime), 13'
UnityEngine.StackTraceUtility:ExtractStackTrace ()
UnityEngine.DebugLogHandler:LogFormat (UnityEngine.LogType,UnityEngine.Object,string,object[])
UnityEngine.Logger:LogFormat (UnityEngine.LogType,string,object[])
UnityEngine.Debug:LogWarningFormat (string,object[])
UnityEditor.MaterialPropertyHandler:GetShaderPropertyDrawer (string,bool&)
UnityEditor.MaterialPropertyHandler:GetShaderPropertyHandler (UnityEngine.Shader,string)
UnityEditor.MaterialPropertyHandler:GetHandler (UnityEngine.Shader,string)
UnityEditor.MaterialEditor:ApplyMaterialPropertyDrawers (UnityEngine.Object[])
UnityEditor.MaterialEditor:ApplyMaterialPropertyDrawersFromNative (UnityEngine.Material)
UnityEditor.PreviewRenderUtility:Render (bool,bool)
UnityEditor.GameObjectInspector:DoRenderPreview ()
UnityEditor.GameObjectInspector:RenderStaticPreview (string,UnityEngine.Object[],int,int)
UnityEditor.AssetPreviewUpdater:CreatePreview (UnityEngine.Object,UnityEngine.Object[],string,int,int)
UnityEditor.AssetPreviewUpdater:CreatePreviewForAsset (UnityEngine.Object,UnityEngine.Object[],string)

Failed to create material drawer ThryHeaderLabel with arguments 'Debug Visualization, 13'
UnityEngine.StackTraceUtility:ExtractStackTrace ()
UnityEngine.DebugLogHandler:LogFormat (UnityEngine.LogType,UnityEngine.Object,string,object[])
UnityEngine.Logger:LogFormat (UnityEngine.LogType,string,object[])
UnityEngine.Debug:LogWarningFormat (string,object[])
UnityEditor.MaterialPropertyHandler:GetShaderPropertyDrawer (string,bool&)
UnityEditor.MaterialPropertyHandler:GetShaderPropertyHandler (UnityEngine.Shader,string)
UnityEditor.MaterialPropertyHandler:GetHandler (UnityEngine.Shader,string)
UnityEditor.MaterialEditor:ApplyMaterialPropertyDrawers (UnityEngine.Object[])
UnityEditor.MaterialEditor:ApplyMaterialPropertyDrawersFromNative (UnityEngine.Material)
UnityEditor.PreviewRenderUtility:Render (bool,bool)
UnityEditor.GameObjectInspector:DoRenderPreview ()
UnityEditor.GameObjectInspector:RenderStaticPreview (string,UnityEngine.Object[],int,int)
UnityEditor.AssetPreviewUpdater:CreatePreview (UnityEngine.Object,UnityEngine.Object[],string,int,int)
UnityEditor.AssetPreviewUpdater:CreatePreviewForAsset (UnityEngine.Object,UnityEngine.Object[],string)

Failed to create material drawer ThryHeaderLabel with arguments 'Base Pass Shading, 13'
UnityEngine.StackTraceUtility:ExtractStackTrace ()
UnityEngine.DebugLogHandler:LogFormat (UnityEngine.LogType,UnityEngine.Object,string,object[])
UnityEngine.Logger:LogFormat (UnityEngine.LogType,string,object[])
UnityEngine.Debug:LogWarningFormat (string,object[])
UnityEditor.MaterialPropertyHandler:GetShaderPropertyDrawer (string,bool&)
UnityEditor.MaterialPropertyHandler:GetShaderPropertyHandler (UnityEngine.Shader,string)
UnityEditor.MaterialPropertyHandler:GetHandler (UnityEngine.Shader,string)
UnityEditor.MaterialEditor:ApplyMaterialPropertyDrawers (UnityEngine.Object[])
UnityEditor.MaterialEditor:ApplyMaterialPropertyDrawersFromNative (UnityEngine.Material)
UnityEditor.PreviewRenderUtility:Render (bool,bool)
UnityEditor.GameObjectInspector:DoRenderPreview ()
UnityEditor.GameObjectInspector:RenderStaticPreview (string,UnityEngine.Object[],int,int)
UnityEditor.AssetPreviewUpdater:CreatePreview (UnityEngine.Object,UnityEngine.Object[],string,int,int)
UnityEditor.AssetPreviewUpdater:CreatePreviewForAsset (UnityEngine.Object,UnityEngine.Object[],string)

Failed to create material drawer ThryHeaderLabel with arguments 'Add Pass Shading, 13'
UnityEngine.StackTraceUtility:ExtractStackTrace ()
UnityEngine.DebugLogHandler:LogFormat (UnityEngine.LogType,UnityEngine.Object,string,object[])
UnityEngine.Logger:LogFormat (UnityEngine.LogType,string,object[])
UnityEngine.Debug:LogWarningFormat (string,object[])
UnityEditor.MaterialPropertyHandler:GetShaderPropertyDrawer (string,bool&)
UnityEditor.MaterialPropertyHandler:GetShaderPropertyHandler (UnityEngine.Shader,string)
UnityEditor.MaterialPropertyHandler:GetHandler (UnityEngine.Shader,string)
UnityEditor.MaterialEditor:ApplyMaterialPropertyDrawers (UnityEngine.Object[])
UnityEditor.MaterialEditor:ApplyMaterialPropertyDrawersFromNative (UnityEngine.Material)
UnityEditor.PreviewRenderUtility:Render (bool,bool)
UnityEditor.GameObjectInspector:DoRenderPreview ()
UnityEditor.GameObjectInspector:RenderStaticPreview (string,UnityEngine.Object[],int,int)
UnityEditor.AssetPreviewUpdater:CreatePreview (UnityEngine.Object,UnityEngine.Object[],string,int,int)
UnityEditor.AssetPreviewUpdater:CreatePreviewForAsset (UnityEngine.Object,UnityEngine.Object[],string)

Failed to create material drawer ThryHeaderLabel with arguments 'Additive Blending, 13'
UnityEngine.StackTraceUtility:ExtractStackTrace ()
UnityEngine.DebugLogHandler:LogFormat (UnityEngine.LogType,UnityEngine.Object,string,object[])
UnityEngine.Logger:LogFormat (UnityEngine.LogType,string,object[])
UnityEngine.Debug:LogWarningFormat (string,object[])
UnityEditor.MaterialPropertyHandler:GetShaderPropertyDrawer (string,bool&)
UnityEditor.MaterialPropertyHandler:GetShaderPropertyHandler (UnityEngine.Shader,string)
UnityEditor.MaterialPropertyHandler:GetHandler (UnityEngine.Shader,string)
UnityEditor.MaterialEditor:ApplyMaterialPropertyDrawers (UnityEngine.Object[])
UnityEditor.MaterialEditor:ApplyMaterialPropertyDrawersFromNative (UnityEngine.Material)
UnityEditor.PreviewRenderUtility:Render (bool,bool)
UnityEditor.GameObjectInspector:DoRenderPreview ()
UnityEditor.GameObjectInspector:RenderStaticPreview (string,UnityEngine.Object[],int,int)
UnityEditor.AssetPreviewUpdater:CreatePreview (UnityEngine.Object,UnityEngine.Object[],string,int,int)
UnityEditor.AssetPreviewUpdater:CreatePreviewForAsset (UnityEngine.Object,UnityEngine.Object[],string)

Failed to create material drawer ThryHeaderLabel with arguments 'Additive Blending, 13'
UnityEngine.StackTraceUtility:ExtractStackTrace ()
UnityEngine.DebugLogHandler:LogFormat (UnityEngine.LogType,UnityEngine.Object,string,object[])
UnityEngine.Logger:LogFormat (UnityEngine.LogType,string,object[])
UnityEngine.Debug:LogWarningFormat (string,object[])
UnityEditor.MaterialPropertyHandler:GetShaderPropertyDrawer (string,bool&)
UnityEditor.MaterialPropertyHandler:GetShaderPropertyHandler (UnityEngine.Shader,string)
UnityEditor.MaterialPropertyHandler:GetHandler (UnityEngine.Shader,string)
UnityEditor.MaterialEditor:ApplyMaterialPropertyDrawers (UnityEngine.Object[])
UnityEditor.MaterialEditor:ApplyMaterialPropertyDrawersFromNative (UnityEngine.Material)
UnityEditor.PreviewRenderUtility:Render (bool,bool)
UnityEditor.GameObjectInspector:DoRenderPreview ()
UnityEditor.GameObjectInspector:RenderStaticPreview (string,UnityEngine.Object[],int,int)
UnityEditor.AssetPreviewUpdater:CreatePreview (UnityEngine.Object,UnityEngine.Object[],string,int,int)
UnityEditor.AssetPreviewUpdater:CreatePreviewForAsset (UnityEngine.Object,UnityEngine.Object[],string)

 -> (artifact id: '7d632c13ca75fb34c716e96c014ffdc0') in 0.195854 seconds 
========================================================================
Received Prepare
Registering precompiled user dll's ...
Registered in 0.002432 seconds.
Begin MonoManager ReloadAssembly
Native extension for WindowsStandalone target not found
Refreshing native plugins compatible for Editor in 0.53 ms, found 2 plugins.
Preloading 0 native plugins for Editor in 0.00 ms.
Mono: successfully reloaded assembly
- Completed reload, in  1.442 seconds
Domain Reload Profiling:
	ReloadAssembly (1443ms)
		BeginReloadAssembly (180ms)
			ExecutionOrderSort (0ms)
			DisableScriptedObjects (5ms)
			BackupInstance (0ms)
			ReleaseScriptingObjects (0ms)
			CreateAndSetChildDomain (39ms)
		EndReloadAssembly (1143ms)
			LoadAssemblies (112ms)
			RebuildTransferFunctionScriptingTraits (0ms)
			SetupTypeCache (275ms)
			ReleaseScriptCaches (1ms)
			RebuildScriptCaches (79ms)
			SetupLoadedEditorAssemblies (641ms)
				LogAssemblyErrors (0ms)
				InitializePlatformSupportModulesInManaged (31ms)
				SetLoadedEditorAssemblies (1ms)
				RefreshPlugins (1ms)
				BeforeProcessingInitializeOnLoad (102ms)
				ProcessInitializeOnLoadAttributes (472ms)
				ProcessInitializeOnLoadMethodAttributes (31ms)
				AfterProcessingInitializeOnLoad (4ms)
				EditorAssembliesLoaded (0ms)
			ExecutionOrderSort2 (0ms)
			AwakeInstancesAfterBackupRestoration (14ms)
Platform modules already initialized, skipping
Refreshing native plugins compatible for Editor in 1.56 ms, found 2 plugins.
Preloading 0 native plugins for Editor in 0.00 ms.
Unloading 1863 Unused Serialized files (Serialized files now loaded: 0)
Unloading 23 unused Assets / (1.3 MB). Loaded Objects now: 2405.
Memory consumption went from 197.3 MB to 196.0 MB.
Total: 4.218800 ms (FindLiveObjects: 0.281100 ms CreateObjectMapping: 0.069400 ms MarkObjects: 3.511700 ms  DeleteObjects: 0.355200 ms)

AssetImportParameters requested are different than current active one (requested -> active):
  custom:video-decoder-ogg-theora: a1e56fd34408186e4bbccfd4996cb3dc -> 
  custom:container-muxer-webm: aa71ff27fc2769a1b78a27578f13a17b -> 
  custom:container-demuxer-webm: 4f35f7cbe854078d1ac9338744f61a02 -> 
  custom:video-encoder-webm-vp8: eb34c28f22e8b96e1ab97ce403110664 -> 
  custom:video-codec-MediaFoundation-h265: e54d7ab0439102e2317fc1e4b246158d -> 
  custom:audio-encoder-webm-vorbis: bf7c407c2cedff20999df2af8eb42d56 -> 
  custom:framework-win-MediaFoundation: 216162199b28c13a410421893ffa2e32 -> 
  custom:container-demuxer-ogg: 62fdf1f143b41e24485cea50d1cbac27 -> 
  custom:video-decoder-webm-vp8: 9c59270c3fd7afecdb556c50c9e8de78 -> 
  custom:audio-decoder-ogg-vorbis: bf7c407c2cedff20999df2af8eb42d56 -> 
Editor requested this worker to shutdown with reason: Scaling down because of idle timeout
AssetImportWorker is now disconnected from the server
Process exiting
Exiting without the bug reporter. Application will terminate with return code 0